hello
goodbye
hello
yes
no
maybe
well
if
but
the
a
and
friend
get
got
bit
butt
quick
fox
rather
either
yes
under
wood
french
german
spanish
english
england
germany
france
wooden
underneath
dread
open
closed
close
opened
sad
happy
kill
live
dog
cat
sheep
wolf
lion
bear
help
man
woman
single
married
girlfriend
boyfriend
jest
joke
I
you
we
it
she
he
the
a
of
when
up
down
side
left
right
christ
church
park
bed
speaker
monitor
table
desk
laptop
pill
a
the
is
of
get
put
yes
no
maybe
grow
green
red
blue
yellow
white
purple
black
jest
I
will
go
and
get
the
milk
monitor
green
french
own
owned
represent
represented
bible
dressing_gown
shirt
trousers
belt
knuckle
t_shirt
jumper
jacket
the
as
is
of
get
put
went
back
to
get
the
milk
weetabix
cereal
kill
off
of
rubbish
better
best
friend
foe
enemy
computer
home
network
up
down
left
right
open
closed
source
open_source
book
television
guitar
saxophone
piano
youth_group
group
youth
next
previous
id_card
girl
girlfriend
fiance
finance
stock
exchange
window
windows
up
down
left
right
dial
washing
washing_up
keyboard
clarinet
headphones
mobile_phone
